{"E:\\Work\\Metin2StreamingWebsite\\Server\\index.ts": {"path":"E:\\Work\\Metin2StreamingWebsite\\Server\\index.ts","statementMap":{"0":{"start":{"line":1,"column":0},"end":{"line":1,"column":30}},"1":{"start":{"line":2,"column":0},"end":{"line":2,"column":24}},"2":{"start":{"line":3,"column":0},"end":{"line":3,"column":30}},"3":{"start":{"line":4,"column":0},"end":{"line":4,"column":28}},"4":{"start":{"line":5,"column":0},"end":{"line":5,"column":48}},"5":{"start":{"line":6,"column":0},"end":{"line":6,"column":34}},"6":{"start":{"line":7,"column":0},"end":{"line":7,"column":48}},"7":{"start":{"line":9,"column":0},"end":{"line":9,"column":44}},"8":{"start":{"line":11,"column":13},"end":{"line":11,"column":17}},"9":{"start":{"line":13,"column":12},"end":{"line":13,"column":21}},"10":{"start":{"line":15,"column":0},"end":{"line":15,"column":null}},"11":{"start":{"line":16,"column":0},"end":{"line":16,"column":27}},"12":{"start":{"line":18,"column":0},"end":{"line":18,"column":21}},"13":{"start":{"line":20,"column":33},"end":{"line":20,"column":53}},"14":{"start":{"line":21,"column":30},"end":{"line":21,"column":93}},"15":{"start":{"line":30,"column":13},"end":{"line":32,"column":null}},"16":{"start":{"line":31,"column":4},"end":{"line":31,"column":61}},"17":{"start":{"line":35,"column":0},"end":{"line":35,"column":34}}},"fnMap":{"0":{"name":"(anonymous_7)","decl":{"start":{"line":30,"column":85},"end":{"line":30,"column":88}},"loc":{"start":{"line":30,"column":90},"end":{"line":32,"column":1}}}},"branchMap":{},"s":{"0":1,"1":1,"2":1,"3":1,"4":1,"5":1,"6":1,"7":1,"8":1,"9":1,"10":1,"11":1,"12":1,"13":1,"14":1,"15":1,"16":1,"17":1},"f":{"0":1},"b":{}}
,"E:\\Work\\Metin2StreamingWebsite\\Server\\server.ts": {"path":"E:\\Work\\Metin2StreamingWebsite\\Server\\server.ts","statementMap":{"0":{"start":{"line":8,"column":8},"end":{"line":8,"column":32}},"1":{"start":{"line":9,"column":8},"end":{"line":9,"column":25}},"2":{"start":{"line":10,"column":8},"end":{"line":10,"column":41}},"3":{"start":{"line":15,"column":9},"end":{"line":15,"column":30}},"4":{"start":{"line":18,"column":9},"end":{"line":18,"column":28}},"5":{"start":{"line":21,"column":9},"end":{"line":21,"column":27}},"6":{"start":{"line":25,"column":9},"end":{"line":25,"column":30}},"7":{"start":{"line":29,"column":9},"end":{"line":29,"column":30}},"8":{"start":{"line":32,"column":8},"end":{"line":32,"column":36}},"9":{"start":{"line":1,"column":0},"end":{"line":1,"column":13}}},"fnMap":{"0":{"name":"(anonymous_0)","decl":{"start":{"line":7,"column":4},"end":{"line":7,"column":null}},"loc":{"start":{"line":7,"column":4},"end":{"line":12,"column":5}}},"1":{"name":"(anonymous_1)","decl":{"start":{"line":14,"column":12},"end":{"line":14,"column":18}},"loc":{"start":{"line":14,"column":44},"end":{"line":16,"column":6}}},"2":{"name":"(anonymous_2)","decl":{"start":{"line":17,"column":12},"end":{"line":17,"column":18}},"loc":{"start":{"line":17,"column":50},"end":{"line":19,"column":6}}},"3":{"name":"(anonymous_3)","decl":{"start":{"line":20,"column":12},"end":{"line":20,"column":18}},"loc":{"start":{"line":20,"column":33},"end":{"line":22,"column":6}}},"4":{"name":"(anonymous_4)","decl":{"start":{"line":24,"column":12},"end":{"line":24,"column":18}},"loc":{"start":{"line":24,"column":29},"end":{"line":26,"column":6}}},"5":{"name":"(anonymous_5)","decl":{"start":{"line":28,"column":12},"end":{"line":28,"column":18}},"loc":{"start":{"line":28,"column":38},"end":{"line":30,"column":6}}},"6":{"name":"(anonymous_6)","decl":{"start":{"line":31,"column":12},"end":{"line":31,"column":18}},"loc":{"start":{"line":31,"column":38},"end":{"line":33,"column":6}}}},"branchMap":{},"s":{"0":2,"1":2,"2":2,"3":1,"4":1,"5":2,"6":2,"7":2,"8":3,"9":3},"f":{"0":2,"1":1,"2":1,"3":2,"4":2,"5":2,"6":3},"b":{}}
,"E:\\Work\\Metin2StreamingWebsite\\Server\\controllers\\denyIntruder.ts": {"path":"E:\\Work\\Metin2StreamingWebsite\\Server\\controllers\\denyIntruder.ts","statementMap":{"0":{"start":{"line":2,"column":36},"end":{"line":4,"column":1}},"1":{"start":{"line":3,"column":4},"end":{"line":3,"column":56}},"2":{"start":{"line":2,"column":13},"end":{"line":2,"column":36}},"3":{"start":{"line":6,"column":0},"end":{"line":6,"column":null}}},"fnMap":{"0":{"name":"(anonymous_0)","decl":{"start":{"line":2,"column":36},"end":{"line":2,"column":45}},"loc":{"start":{"line":2,"column":101},"end":{"line":4,"column":1}}}},"branchMap":{},"s":{"0":3,"1":5,"2":3,"3":3},"f":{"0":5},"b":{}}
,"E:\\Work\\Metin2StreamingWebsite\\Server\\controllers\\chat\\chat.ts": {"path":"E:\\Work\\Metin2StreamingWebsite\\Server\\controllers\\chat\\chat.ts","statementMap":{"0":{"start":{"line":1,"column":0},"end":{"line":1,"column":26}},"1":{"start":{"line":2,"column":0},"end":{"line":2,"column":52}},"2":{"start":{"line":3,"column":0},"end":{"line":3,"column":57}},"3":{"start":{"line":4,"column":0},"end":{"line":4,"column":48}},"4":{"start":{"line":5,"column":0},"end":{"line":5,"column":31}},"5":{"start":{"line":6,"column":0},"end":{"line":6,"column":60}},"6":{"start":{"line":7,"column":0},"end":{"line":7,"column":38}},"7":{"start":{"line":10,"column":20},"end":{"line":10,"column":31}},"8":{"start":{"line":12,"column":38},"end":{"line":24,"column":1}},"9":{"start":{"line":13,"column":4},"end":{"line":13,"column":54}},"10":{"start":{"line":15,"column":4},"end":{"line":17,"column":null}},"11":{"start":{"line":16,"column":8},"end":{"line":16,"column":20}},"12":{"start":{"line":19,"column":4},"end":{"line":21,"column":null}},"13":{"start":{"line":20,"column":8},"end":{"line":20,"column":63}},"14":{"start":{"line":23,"column":4},"end":{"line":23,"column":19}},"15":{"start":{"line":12,"column":13},"end":{"line":12,"column":38}},"16":{"start":{"line":27,"column":13},"end":{"line":27,"column":34}},"17":{"start":{"line":52,"column":23},"end":{"line":66,"column":1}},"18":{"start":{"line":53,"column":4},"end":{"line":53,"column":null}},"19":{"start":{"line":54,"column":4},"end":{"line":64,"column":null}},"20":{"start":{"line":59,"column":8},"end":{"line":59,"column":28}},"21":{"start":{"line":62,"column":8},"end":{"line":62,"column":39}},"22":{"start":{"line":63,"column":8},"end":{"line":63,"column":28}},"23":{"start":{"line":52,"column":13},"end":{"line":52,"column":23}},"24":{"start":{"line":68,"column":0},"end":{"line":68,"column":69}}},"fnMap":{"0":{"name":"(anonymous_7)","decl":{"start":{"line":12,"column":38},"end":{"line":12,"column":47}},"loc":{"start":{"line":12,"column":61},"end":{"line":24,"column":1}}},"1":{"name":"(anonymous_8)","decl":{"start":{"line":52,"column":23},"end":{"line":52,"column":33}},"loc":{"start":{"line":52,"column":48},"end":{"line":66,"column":1}}}},"branchMap":{"0":{"loc":{"start":{"line":15,"column":4},"end":{"line":17,"column":null}},"type":"if","locations":[{"start":{"line":15,"column":4},"end":{"line":17,"column":null}}]},"1":{"loc":{"start":{"line":19,"column":4},"end":{"line":21,"column":null}},"type":"if","locations":[{"start":{"line":19,"column":4},"end":{"line":21,"column":null}}]},"2":{"loc":{"start":{"line":54,"column":4},"end":{"line":64,"column":null}},"type":"if","locations":[{"start":{"line":54,"column":4},"end":{"line":64,"column":null}},{"start":{"line":61,"column":9},"end":{"line":64,"column":null}}]},"3":{"loc":{"start":{"line":54,"column":7},"end":{"line":57,"column":37}},"type":"binary-expr","locations":[{"start":{"line":54,"column":7},"end":{"line":54,"column":39}},{"start":{"line":55,"column":7},"end":{"line":55,"column":45}},{"start":{"line":56,"column":7},"end":{"line":56,"column":49}},{"start":{"line":57,"column":7},"end":{"line":57,"column":37}}]}},"s":{"0":2,"1":2,"2":2,"3":2,"4":2,"5":2,"6":2,"7":2,"8":2,"9":9,"10":9,"11":2,"12":7,"13":1,"14":7,"15":2,"16":2,"17":2,"18":4,"19":4,"20":3,"21":1,"22":1,"23":2,"24":2},"f":{"0":9,"1":4},"b":{"0":[2],"1":[1],"2":[3,1],"3":[4,4,4,2]}}
,"E:\\Work\\Metin2StreamingWebsite\\Server\\controllers\\chat\\chatInputModifier.ts": {"path":"E:\\Work\\Metin2StreamingWebsite\\Server\\controllers\\chat\\chatInputModifier.ts","statementMap":{"0":{"start":{"line":1,"column":28},"end":{"line":3,"column":1}},"1":{"start":{"line":2,"column":4},"end":{"line":2,"column":37}},"2":{"start":{"line":1,"column":13},"end":{"line":1,"column":28}},"3":{"start":{"line":5,"column":33},"end":{"line":7,"column":1}},"4":{"start":{"line":6,"column":4},"end":{"line":6,"column":33}},"5":{"start":{"line":5,"column":13},"end":{"line":5,"column":33}},"6":{"start":{"line":9,"column":0},"end":{"line":9,"column":50}}},"fnMap":{"0":{"name":"(anonymous_0)","decl":{"start":{"line":1,"column":28},"end":{"line":1,"column":37}},"loc":{"start":{"line":1,"column":44},"end":{"line":3,"column":1}}},"1":{"name":"(anonymous_1)","decl":{"start":{"line":5,"column":33},"end":{"line":5,"column":42}},"loc":{"start":{"line":5,"column":49},"end":{"line":7,"column":1}}}},"branchMap":{},"s":{"0":2,"1":11,"2":2,"3":2,"4":4,"5":2,"6":2},"f":{"0":11,"1":4},"b":{}}
,"E:\\Work\\Metin2StreamingWebsite\\Server\\controllers\\chat\\chatMessageVerifiers.ts": {"path":"E:\\Work\\Metin2StreamingWebsite\\Server\\controllers\\chat\\chatMessageVerifiers.ts","statementMap":{"0":{"start":{"line":1,"column":22},"end":{"line":3,"column":1}},"1":{"start":{"line":2,"column":4},"end":{"line":2,"column":60}},"2":{"start":{"line":1,"column":13},"end":{"line":1,"column":22}},"3":{"start":{"line":5,"column":28},"end":{"line":7,"column":1}},"4":{"start":{"line":6,"column":4},"end":{"line":6,"column":38}},"5":{"start":{"line":5,"column":13},"end":{"line":5,"column":28}},"6":{"start":{"line":9,"column":29},"end":{"line":12,"column":1}},"7":{"start":{"line":11,"column":4},"end":{"line":11,"column":55}},"8":{"start":{"line":9,"column":13},"end":{"line":9,"column":29}},"9":{"start":{"line":14,"column":31},"end":{"line":16,"column":1}},"10":{"start":{"line":15,"column":4},"end":{"line":15,"column":null}},"11":{"start":{"line":14,"column":13},"end":{"line":14,"column":31}},"12":{"start":{"line":18,"column":38},"end":{"line":32,"column":1}},"13":{"start":{"line":20,"column":4},"end":{"line":21,"column":21}},"14":{"start":{"line":21,"column":8},"end":{"line":21,"column":21}},"15":{"start":{"line":24,"column":4},"end":{"line":25,"column":21}},"16":{"start":{"line":25,"column":8},"end":{"line":25,"column":21}},"17":{"start":{"line":28,"column":4},"end":{"line":29,"column":21}},"18":{"start":{"line":29,"column":8},"end":{"line":29,"column":21}},"19":{"start":{"line":31,"column":4},"end":{"line":31,"column":16}},"20":{"start":{"line":18,"column":13},"end":{"line":18,"column":38}},"21":{"start":{"line":34,"column":0},"end":{"line":34,"column":92}}},"fnMap":{"0":{"name":"(anonymous_0)","decl":{"start":{"line":1,"column":22},"end":{"line":1,"column":31}},"loc":{"start":{"line":1,"column":45},"end":{"line":3,"column":1}}},"1":{"name":"(anonymous_1)","decl":{"start":{"line":5,"column":28},"end":{"line":5,"column":37}},"loc":{"start":{"line":5,"column":51},"end":{"line":7,"column":1}}},"2":{"name":"(anonymous_2)","decl":{"start":{"line":9,"column":29},"end":{"line":9,"column":38}},"loc":{"start":{"line":9,"column":53},"end":{"line":12,"column":1}}},"3":{"name":"(anonymous_3)","decl":{"start":{"line":14,"column":31},"end":{"line":14,"column":40}},"loc":{"start":{"line":14,"column":56},"end":{"line":16,"column":1}}},"4":{"name":"(anonymous_4)","decl":{"start":{"line":18,"column":38},"end":{"line":18,"column":47}},"loc":{"start":{"line":18,"column":61},"end":{"line":32,"column":1}}}},"branchMap":{"0":{"loc":{"start":{"line":20,"column":4},"end":{"line":21,"column":21}},"type":"if","locations":[{"start":{"line":20,"column":4},"end":{"line":21,"column":21}}]},"1":{"loc":{"start":{"line":24,"column":4},"end":{"line":25,"column":21}},"type":"if","locations":[{"start":{"line":24,"column":4},"end":{"line":25,"column":21}}]},"2":{"loc":{"start":{"line":28,"column":4},"end":{"line":29,"column":21}},"type":"if","locations":[{"start":{"line":28,"column":4},"end":{"line":29,"column":21}}]}},"s":{"0":2,"1":17,"2":2,"3":2,"4":15,"5":2,"6":2,"7":12,"8":2,"9":2,"10":7,"11":2,"12":2,"13":13,"14":2,"15":11,"16":2,"17":9,"18":1,"19":8,"20":2,"21":2},"f":{"0":17,"1":15,"2":12,"3":7,"4":13},"b":{"0":[2],"1":[2],"2":[1]}}
,"E:\\Work\\Metin2StreamingWebsite\\Server\\routes\\user.ts": {"path":"E:\\Work\\Metin2StreamingWebsite\\Server\\routes\\user.ts","statementMap":{"0":{"start":{"line":3,"column":0},"end":{"line":3,"column":34}},"1":{"start":{"line":4,"column":0},"end":{"line":4,"column":51}},"2":{"start":{"line":6,"column":13},"end":{"line":6,"column":56}},"3":{"start":{"line":8,"column":0},"end":{"line":8,"column":32}},"4":{"start":{"line":10,"column":0},"end":{"line":10,"column":26}}},"fnMap":{},"branchMap":{},"s":{"0":1,"1":1,"2":1,"3":1,"4":1},"f":{},"b":{}}
}
