TN:
SF:index.ts
FN:27,(anonymous_7)
FNF:1
FNH:1
FNDA:1,(anonymous_7)
DA:1,1
DA:2,1
DA:3,1
DA:4,1
DA:5,1
DA:6,1
DA:7,1
DA:8,1
DA:10,1
DA:12,1
DA:14,1
DA:15,1
DA:17,1
DA:18,1
DA:27,1
DA:28,1
DA:32,1
LF:17
LH:17
BRF:0
BRH:0
end_of_record
TN:
SF:server.ts
FN:21,(anonymous_7)
FN:29,(anonymous_8)
FN:32,(anonymous_9)
FN:35,(anonymous_10)
FN:39,(anonymous_11)
FN:43,(anonymous_12)
FN:46,(anonymous_13)
FNF:7
FNH:7
FNDA:2,(anonymous_7)
FNDA:1,(anonymous_8)
FNDA:1,(anonymous_9)
FNDA:2,(anonymous_10)
FNDA:2,(anonymous_11)
FNDA:2,(anonymous_12)
FNDA:3,(anonymous_13)
DA:1,3
DA:2,3
DA:3,3
DA:4,3
DA:6,3
DA:8,3
DA:10,3
DA:16,3
DA:22,2
DA:23,2
DA:24,2
DA:25,2
DA:30,1
DA:33,1
DA:36,2
DA:40,2
DA:44,2
DA:47,3
LF:18
LH:18
BRF:0
BRH:0
end_of_record
TN:
SF:controllers\denyIntruder.ts
FN:2,(anonymous_0)
FNF:1
FNH:1
FNDA:5,(anonymous_0)
DA:2,4
DA:3,5
DA:6,4
LF:3
LH:3
BRF:0
BRH:0
end_of_record
TN:
SF:controllers\chat\chat.ts
FN:12,(anonymous_7)
FN:53,(anonymous_8)
FNF:2
FNH:2
FNDA:9,(anonymous_7)
FNDA:4,(anonymous_8)
DA:1,3
DA:2,3
DA:3,3
DA:4,3
DA:5,3
DA:6,3
DA:7,3
DA:10,3
DA:12,3
DA:13,9
DA:15,9
DA:16,2
DA:19,7
DA:20,1
DA:23,7
DA:27,3
DA:53,3
DA:54,4
DA:55,4
DA:60,3
DA:63,1
DA:64,1
DA:69,3
LF:23
LH:23
BRDA:15,0,0,2
BRDA:19,1,0,1
BRDA:55,2,0,3
BRDA:55,2,1,1
BRDA:55,3,0,4
BRDA:55,3,1,4
BRDA:55,3,2,4
BRDA:55,3,3,2
BRF:8
BRH:8
end_of_record
TN:
SF:controllers\chat\chatInputModifier.js
FN:4,(anonymous_0)
FN:8,(anonymous_1)
FNF:2
FNH:2
FNDA:11,(anonymous_0)
FNDA:4,(anonymous_1)
DA:2,3
DA:3,3
DA:4,3
DA:5,11
DA:7,3
DA:8,3
DA:9,4
DA:11,3
DA:12,3
LF:9
LH:9
BRF:0
BRH:0
end_of_record
TN:
SF:controllers\chat\chatMessageVerifiers.ts
FN:1,(anonymous_0)
FN:5,(anonymous_1)
FN:9,(anonymous_2)
FN:14,(anonymous_3)
FN:18,(anonymous_4)
FNF:5
FNH:5
FNDA:17,(anonymous_0)
FNDA:15,(anonymous_1)
FNDA:12,(anonymous_2)
FNDA:7,(anonymous_3)
FNDA:13,(anonymous_4)
DA:1,3
DA:2,17
DA:5,3
DA:6,15
DA:9,3
DA:11,12
DA:14,3
DA:15,7
DA:18,3
DA:20,13
DA:21,2
DA:24,11
DA:25,2
DA:28,9
DA:29,1
DA:31,8
DA:34,3
LF:17
LH:17
BRDA:20,0,0,2
BRDA:24,1,0,2
BRDA:28,2,0,1
BRF:3
BRH:3
end_of_record
TN:
SF:routes\user.ts
FN:7,(anonymous_6)
FNF:1
FNH:1
FNDA:4,(anonymous_6)
DA:3,3
DA:4,3
DA:6,3
DA:7,3
DA:8,4
DA:11,3
LF:6
LH:6
BRF:0
BRH:0
end_of_record
