TN:
SF:index.ts
FN:30,(anonymous_7)
FNF:1
FNH:1
FNDA:1,(anonymous_7)
DA:1,1
DA:2,1
DA:3,1
DA:4,1
DA:5,1
DA:6,1
DA:7,1
DA:9,1
DA:11,1
DA:13,1
DA:15,1
DA:16,1
DA:18,1
DA:20,1
DA:21,1
DA:30,1
DA:31,1
DA:35,1
LF:18
LH:18
BRF:0
BRH:0
end_of_record
TN:
SF:server.ts
FN:7,(anonymous_0)
FN:14,(anonymous_1)
FN:17,(anonymous_2)
FN:20,(anonymous_3)
FN:24,(anonymous_4)
FN:28,(anonymous_5)
FN:31,(anonymous_6)
FNF:7
FNH:7
FNDA:2,(anonymous_0)
FNDA:1,(anonymous_1)
FNDA:1,(anonymous_2)
FNDA:2,(anonymous_3)
FNDA:2,(anonymous_4)
FNDA:2,(anonymous_5)
FNDA:3,(anonymous_6)
DA:1,3
DA:8,2
DA:9,2
DA:10,2
DA:15,1
DA:18,1
DA:21,2
DA:25,2
DA:29,2
DA:32,3
LF:10
LH:10
BRF:0
BRH:0
end_of_record
TN:
SF:controllers\denyIntruder.ts
FN:2,(anonymous_0)
FNF:1
FNH:1
FNDA:5,(anonymous_0)
DA:2,3
DA:3,5
DA:6,3
LF:3
LH:3
BRF:0
BRH:0
end_of_record
TN:
SF:controllers\chat\chat.ts
FN:12,(anonymous_7)
FN:52,(anonymous_8)
FNF:2
FNH:2
FNDA:9,(anonymous_7)
FNDA:4,(anonymous_8)
DA:1,2
DA:2,2
DA:3,2
DA:4,2
DA:5,2
DA:6,2
DA:7,2
DA:10,2
DA:12,2
DA:13,9
DA:15,9
DA:16,2
DA:19,7
DA:20,1
DA:23,7
DA:27,2
DA:52,2
DA:53,4
DA:54,4
DA:59,3
DA:62,1
DA:63,1
DA:68,2
LF:23
LH:23
BRDA:15,0,0,2
BRDA:19,1,0,1
BRDA:54,2,0,3
BRDA:54,2,1,1
BRDA:54,3,0,4
BRDA:54,3,1,4
BRDA:54,3,2,4
BRDA:54,3,3,2
BRF:8
BRH:8
end_of_record
TN:
SF:controllers\chat\chatInputModifier.ts
FN:1,(anonymous_0)
FN:5,(anonymous_1)
FNF:2
FNH:2
FNDA:11,(anonymous_0)
FNDA:4,(anonymous_1)
DA:1,2
DA:2,11
DA:5,2
DA:6,4
DA:9,2
LF:5
LH:5
BRF:0
BRH:0
end_of_record
TN:
SF:controllers\chat\chatMessageVerifiers.ts
FN:1,(anonymous_0)
FN:5,(anonymous_1)
FN:9,(anonymous_2)
FN:14,(anonymous_3)
FN:18,(anonymous_4)
FNF:5
FNH:5
FNDA:17,(anonymous_0)
FNDA:15,(anonymous_1)
FNDA:12,(anonymous_2)
FNDA:7,(anonymous_3)
FNDA:13,(anonymous_4)
DA:1,2
DA:2,17
DA:5,2
DA:6,15
DA:9,2
DA:11,12
DA:14,2
DA:15,7
DA:18,2
DA:20,13
DA:21,2
DA:24,11
DA:25,2
DA:28,9
DA:29,1
DA:31,8
DA:34,2
LF:17
LH:17
BRDA:20,0,0,2
BRDA:24,1,0,2
BRDA:28,2,0,1
BRF:3
BRH:3
end_of_record
TN:
SF:routes\user.ts
FNF:0
FNH:0
DA:3,1
DA:4,1
DA:6,1
DA:8,1
DA:10,1
LF:5
LH:5
BRF:0
BRH:0
end_of_record
